[www.freak.pe/index.html]
[static.wixstatic.com/media/51c67e_fd4e05dd6b4e4543993d53280bf43d83_mv2.png/v1/fill/w_32,h_32,lg_1,usm_0.66_1.00_0.01/51c67e_fd4e05dd6b4e4543993d53280bf43d83_mv2.png]
[static.parastorage.com/unpkg/core-js-bundle@3.2.1/minified.js]
[static.parastorage.com/unpkg/focus-within-polyfill@5.0.9/dist/focus-within-polyfill.js]
[backblue.gif]
[fade.gif]
[index.html]
[polyfill.io/v3/polyfill.mind82c.js]
[browser.sentry-cdn.com/6.18.2/bundle.min.js]
[www.freak.pe/decodeURIComponent(e]
[www.freak.pe/sitemap.xml]
[www.freak.pe/feed.xml]
[static.parastorage.com/services/wix-thunderbolt/dist/ab-test-compilation/thunderbolt-commons.dd8c7677.bundle.min.js]
[static.parastorage.com/services/wix-thunderbolt/dist/ab-test-compilation/main.bf19740b.bundle.min.js]
[static.parastorage.com/unpkg/lodash@4.17.21/lodash.min.js]
[static.parastorage.com/unpkg/react@16.14.0/umd/react.production.min.js]
[static.parastorage.com/services/tag-manager-client/1.427.0/siteTags.bundle.min.js]
[static.parastorage.com/services/wix-perf-measure/1.1042.0/wix-perf-measure.bundle.min.js]
[static.parastorage.com/unpkg/react-dom@16.14.0/umd/react-dom.production.min.js]
[www.freak.pe/eec152dc.min.css]
[www.freak.pe/b604fd33.min.css]
[www.freak.pe/99a6a99f.min.css]
[www.freak.pe/34b72cf9.min.css]
[www.freak.pe/08241ed1.chunk.min.js]
[www.freak.pe/c58e6b29.chunk.min.js]
[www.freak.pe/rb_wixui.thunderbolt_bootstrap-classic.e869e806.chunk.min.js]
[www.freak.pe/rb_wixui.thunderbolt_bootstrap.8a86afda.chunk.min.css]
[www.freak.pe/rb_wixui.thunderbolt_bootstrap.08241ed1.chunk.min.js]
[www.freak.pe/rb_wixui.thunderbolt_bootstrap-responsive.f3ca696f.chunk.min.css]
[www.freak.pe/rb_wixui.thunderbolt_bootstrap-responsive.c58e6b29.chunk.min.js]
[static.wixstatic.com/media/51c67e_4d519065a33d42fc8d6f141b26bfb275_mv2.png/v1/fill/w_125,h_62,al_c,q_85,usm_0.66_1.00_0.01,enc_auto/FREAK LOGO WEB.png]
[www.freak.pe/tienda.html]
[www.freak.pe/polos.html]
[www.freak.pe/tanks-tops.html]
[www.freak.pe/mesh.html]
[www.freak.pe/duos.html]
[www.freak.pe/pantalones.html]
[www.freak.pe/copia-de-pantalones.html]
[www.freak.pe/copia-de-copia-de-pantalones.html]
[www.freak.pe/readytoship.html]
[www.freak.pe/ofertas.html]
[www.freak.pe/contacto.html]
[www.freak.pe/gift-card.html]
[static.wixstatic.com/media/51c67e_0ffbec2534e74e88851df6c564d1ec7b_mv2.jpg/v1/fill/w_122,h_141,al_c,q_80,usm_0.66_1.00_0.01,blur_2,enc_auto/51c67e_0ffbec2534e74e88851df6c564d1ec7b_mv2.jpg]
[www.freak.pe/cart-page.html]
[static.wixstatic.com/media/51c67e_af7b9a1eaecc466fb366b73857797a4a_mv2.jpg/v1/fill/w_1771,h_446,al_c,q_85,usm_0.66_1.00_0.01,enc_auto/narvasetcover.jpg]
[www.freak.pe/product-page/narva-pat.html]
[www.freak.pe/product-page/narva-set.html]
[static.wixstatic.com/media/51c67e_0a4d478733e448e899f14ad4d948bc48_mv2.png/v1/fill/w_82,h_106,al_c,q_85,usm_0.66_1.00_0.01,blur_2,enc_auto/51c67e_0a4d478733e448e899f14ad4d948bc48_mv2.png]
[static.wixstatic.com/media/51c67e_39480bbfb8b64896a5f35d607aeda4da_mv2.png/v1/fill/w_82,h_106,al_c,q_85,usm_0.66_1.00_0.01,blur_2,enc_auto/51c67e_39480bbfb8b64896a5f35d607aeda4da_mv2.png]
[www.freak.pe/copia-de-accesorios.html]
[static.wixstatic.com/media/51c67e_b5ea885770604af6a2c6db216182b3a4_mv2.png/v1/fill/w_82,h_106,al_c,q_85,usm_0.66_1.00_0.01,blur_2,enc_auto/51c67e_b5ea885770604af6a2c6db216182b3a4_mv2.png]
[www.freak.pe/index.html]
[www.freak.pe/decodeURIComponent(e.html]
[www.freak.pe/feed.html]
[www.freak.pe/eec152dc.min.html]
[www.freak.pe/b604fd33.min.html]
[www.freak.pe/99a6a99f.min.html]
[www.freak.pe/34b72cf9.min.html]
[www.freak.pe/08241ed1.chunk.min.html]
[www.freak.pe/c58e6b29.chunk.min.html]
[www.freak.pe/rb_wixui.thunderbolt_bootstrap-classic.e869e806.chunk.min.html]
[www.freak.pe/rb_wixui.thunderbolt_bootstrap.8a86afda.chunk.min.html]
[www.freak.pe/rb_wixui.thunderbolt_bootstrap.08241ed1.chunk.min.html]
[www.freak.pe/rb_wixui.thunderbolt_bootstrap-responsive.f3ca696f.chunk.min.html]
[www.freak.pe/rb_wixui.thunderbolt_bootstrap-responsive.c58e6b29.chunk.min.html]
[static.parastorage.com/services/wix-thunderbolt/dist/bootstrap-features.42e41f7d.bundle.min.js]
[static.parastorage.com/services/wix-thunderbolt/dist/main.88894cfb.bundle.min.js]
[www.freak.pe/version/index.html]
[static.wixstatic.com/media/51c67e_691365f9266646b2a11e67903e0018a2_mv2.png/v1/fill/w_49,h_47,al_c,q_85,usm_0.66_1.00_0.01,blur_2,enc_auto/51c67e_691365f9266646b2a11e67903e0018a2_mv2.png]
[www.freak.pe/product-page/purple-fairy-skirt.html]
[static.wixstatic.com/media/51c67e_6334b973aae547269976e015360b3e8c_mv2.png/v1/fill/w_49,h_44,al_c,q_85,usm_0.66_1.00_0.01,blur_2,enc_auto/51c67e_6334b973aae547269976e015360b3e8c_mv2.png]
[www.freak.pe/product-page/mary-jane-cap.html]
[static.wixstatic.com/media/51c67e_0ea9c22163cb4a74b506a6f3b5e7e055_mv2.jpg/v1/fill/w_147,h_149,al_c,q_80,usm_0.66_1.00_0.01,blur_2,enc_auto/51c67e_0ea9c22163cb4a74b506a6f3b5e7e055_mv2.jpg]
[www.freak.pe/product-page/onyx-mesh-tee.html]
[static.wixstatic.com/media/51c67e_cd2f2ab6d73840c592eb261d4cc3835e_mv2.png/v1/fill/w_49,h_44,al_c,q_85,usm_0.66_1.00_0.01,blur_2,enc_auto/51c67e_cd2f2ab6d73840c592eb261d4cc3835e_mv2.png]
[static.wixstatic.com/media/51c67e_8636cb9ba8184952a065f9bcc32e160f_mv2.jpg/v1/fill/w_147,h_131,al_c,q_80,usm_0.66_1.00_0.01,blur_2,enc_auto/51c67e_8636cb9ba8184952a065f9bcc32e160f_mv2.jpg]
[www.freak.pe/product-page/purple-fairy-set.html]
[static.wixstatic.com/media/51c67e_41090ce63d9d456182e6830f0a7d2638_mv2.png/v1/fill/w_49,h_44,al_c,q_85,usm_0.66_1.00_0.01,blur_2,enc_auto/51c67e_41090ce63d9d456182e6830f0a7d2638_mv2.png]
[static.wixstatic.com/media/51c67e_1cc078001b304289ab31f71bb66dc237_mv2.jpg/v1/fill/w_147,h_184,al_c,q_80,usm_0.66_1.00_0.01,blur_2,enc_auto/51c67e_1cc078001b304289ab31f71bb66dc237_mv2.jpg]
[static.wixstatic.com/media/51c67e_ff38b31df09a436fa0ca4bd8c14d1406_mv2.jpg/v1/fill/w_147,h_174,al_c,q_80,usm_0.66_1.00_0.01,blur_2,enc_auto/51c67e_ff38b31df09a436fa0ca4bd8c14d1406_mv2.jpg]
[static.wixstatic.com/media/51c67e_887d3b074adc4ac2b486dfa75ae38d51_mv2.jpg/v1/fill/w_147,h_137,al_c,q_80,usm_0.66_1.00_0.01,blur_2,enc_auto/51c67e_887d3b074adc4ac2b486dfa75ae38d51_mv2.jpg]
[www.freak.pe/product-page/pink-star-crop-top.html]
[static.wixstatic.com/media/51c67e_50958894a7cf4a54a66c5471e3d46029_mv2.png/v1/fill/w_49,h_65,al_c,q_85,usm_0.66_1.00_0.01,blur_2,enc_auto/51c67e_50958894a7cf4a54a66c5471e3d46029_mv2.png]
[static.wixstatic.com/media/51c67e_e1ecfe06dd0e4e149f2accbce9f3f435_mv2.jpg/v1/fill/w_147,h_143,al_c,q_80,usm_0.66_1.00_0.01,blur_2,enc_auto/51c67e_e1ecfe06dd0e4e149f2accbce9f3f435_mv2.jpg]
[www.freak.pe/product-page/vampire-croptop.html]
[static.wixstatic.com/media/51c67e_554f5186b1dc42b9b4ca60b4bfc17ebd_mv2.jpeg/v1/fill/w_147,h_261,al_c,q_80,usm_0.66_1.00_0.01,blur_2,enc_auto/51c67e_554f5186b1dc42b9b4ca60b4bfc17ebd_mv2.jpg]
[www.freak.pe/product-page/tarot-gloves-1.html]
[static.wixstatic.com/media/51c67e_84959f7b3b934e1ab7e457440668fbca_mv2.jpg/v1/fill/w_147,h_196,al_c,q_80,usm_0.66_1.00_0.01,blur_2,enc_auto/51c67e_84959f7b3b934e1ab7e457440668fbca_mv2.jpg]
[static.wixstatic.com/media/51c67e_54faa43e74bb44c18dd914c0eba342b9_mv2.jpg/v1/fill/w_147,h_196,al_c,q_80,usm_0.66_1.00_0.01,blur_2,enc_auto/51c67e_54faa43e74bb44c18dd914c0eba342b9_mv2.jpg]
[www.freak.pe/product-page/shinny-black-duo.html]
[static.wixstatic.com/media/51c67e_2950f06900fb4c6e9b36fbe4d243bf2a_mv2.jpg/v1/fill/w_147,h_196,al_c,q_80,usm_0.66_1.00_0.01,blur_2,enc_auto/51c67e_2950f06900fb4c6e9b36fbe4d243bf2a_mv2.jpg]
[static.wixstatic.com/media/51c67e_62f3c869b2c94b739e1318812cecd95b_mv2.jpeg/v1/fill/w_147,h_132,al_c,q_80,usm_0.66_1.00_0.01,blur_2,enc_auto/51c67e_62f3c869b2c94b739e1318812cecd95b_mv2.jpg]
[static.wixstatic.com/media/51c67e_bb7f32b3dd2640efbe436b5eb056893b_mv2.jpg/v1/fill/w_136,h_154,al_c,q_80,usm_0.66_1.00_0.01,blur_2,enc_auto/51c67e_bb7f32b3dd2640efbe436b5eb056893b_mv2.jpg]
[www.freak.pe/product-page/narva-silver-corset.html]
[static.wixstatic.com/media/51c67e_5872161617a14253b80698a27fbf47c5_mv2.jpg/v1/fill/w_136,h_154,al_c,q_80,usm_0.66_1.00_0.01,blur_2,enc_auto/51c67e_5872161617a14253b80698a27fbf47c5_mv2.jpg]
[static.wixstatic.com/media/51c67e_266f43a1216a4a18b9b0ef65f8f7ecf5_mv2.jpg/v1/fill/w_147,h_147,al_c,q_80,usm_0.66_1.00_0.01,blur_2,enc_auto/51c67e_266f43a1216a4a18b9b0ef65f8f7ecf5_mv2.jpg]
[www.freak.pe/product-page/locally-hated.html]
[static.wixstatic.com/media/51c67e_4172b618bbf24c82b8f54fbae4564156_mv2.jpg/v1/fill/w_147,h_143,al_c,q_80,usm_0.66_1.00_0.01,blur_2,enc_auto/51c67e_4172b618bbf24c82b8f54fbae4564156_mv2.jpg]
[static.wixstatic.com/media/51c67e_67d9143bf35b45ddaea699e62e5fd8b3_mv2.jpg/v1/fill/w_147,h_195,al_c,q_80,usm_0.66_1.00_0.01,blur_2,enc_auto/51c67e_67d9143bf35b45ddaea699e62e5fd8b3_mv2.jpg]
[www.freak.pe/product-page/wants-me-tee.html]
[static.wixstatic.com/media/51c67e_94dec6fe3393429ba7144c5fd83cd11c_mv2.png/v1/fill/w_73,h_69,al_c,q_85,usm_0.66_1.00_0.01,blur_2,enc_auto/51c67e_94dec6fe3393429ba7144c5fd83cd11c_mv2.png]
[www.freak.pe/product-page/fight-tee.html]
[static.wixstatic.com/media/51c67e_a367fa6e73b04029966ebf4272253f5d_mv2.jpg/v1/fill/w_147,h_147,al_c,q_80,usm_0.66_1.00_0.01,blur_2,enc_auto/51c67e_a367fa6e73b04029966ebf4272253f5d_mv2.jpg]
[static.wixstatic.com/media/51c67e_32e5a1ff376345ed836d4eda9094ad16_mv2.jpg/v1/fill/w_147,h_169,al_c,q_80,usm_0.66_1.00_0.01,blur_2,enc_auto/51c67e_32e5a1ff376345ed836d4eda9094ad16_mv2.jpg]
[static.wixstatic.com/media/51c67e_480b2ee74f2e44a38841824215af1d4c_mv2.jpg/v1/fill/w_147,h_169,al_c,q_80,usm_0.66_1.00_0.01,blur_2,enc_auto/51c67e_480b2ee74f2e44a38841824215af1d4c_mv2.jpg]
[static.wixstatic.com/media/51c67e_161b6b9bf9274aceb1c991c99a6d4ca4_mv2.jpg/v1/fill/w_147,h_192,al_c,q_80,usm_0.66_1.00_0.01,blur_2,enc_auto/51c67e_161b6b9bf9274aceb1c991c99a6d4ca4_mv2.jpg]
[www.freak.pe/product-page/silver-galaxy-tee.html]
[static.wixstatic.com/media/51c67e_925e081b69df4d3bb5486375290195b8_mv2.png/v1/fill/w_49,h_49,al_c,q_85,usm_0.66_1.00_0.01,blur_2,enc_auto/51c67e_925e081b69df4d3bb5486375290195b8_mv2.png]
[www.freak.pe/product-page/i-3-tank-top.html]
[static.wixstatic.com/media/51c67e_bc266a5f4c974dd8a89d5c99f75beb4a_mv2.png/v1/fill/w_78,h_82,al_c,q_85,usm_0.66_1.00_0.01,blur_2,enc_auto/51c67e_bc266a5f4c974dd8a89d5c99f75beb4a_mv2.png]
[static.wixstatic.com/media/51c67e_aac859a45ef340b4b5d0feda5ae6f067_mv2.png/v1/fill/w_79,h_85,al_c,q_85,usm_0.66_1.00_0.01,blur_2,enc_auto/51c67e_aac859a45ef340b4b5d0feda5ae6f067_mv2.png]
[www.freak.pe/product-page/vampire-x-perlaintensa.html]
[www.freak.pe/product-page/star-long-top.html]
[static.wixstatic.com/media/51c67e_de0552fe07434318b66fb0a886a0f03e_mv2.png/v1/fill/w_80,h_90,al_c,q_85,usm_0.66_1.00_0.01,blur_2,enc_auto/51c67e_de0552fe07434318b66fb0a886a0f03e_mv2.png]
[static.wixstatic.com/media/51c67e_458fefe7a2c54d79a4644e7168b23ca6_mv2.png/v1/fill/w_79,h_99,al_c,q_85,usm_0.66_1.00_0.01,blur_2,enc_auto/51c67e_458fefe7a2c54d79a4644e7168b23ca6_mv2.png]
[www.freak.pe/product-page/amire-top.html]
[static.wixstatic.com/media/51c67e_c22e8019d1d945d69d1fb80dcde4c62e_mv2.png/v1/fill/w_79,h_84,al_c,q_85,usm_0.66_1.00_0.01,blur_2,enc_auto/51c67e_c22e8019d1d945d69d1fb80dcde4c62e_mv2.png]
[static.wixstatic.com/media/51c67e_29510d5a29bf46eb9d5c7408cf0c677c_mv2.png/v1/fill/w_68,h_80,al_c,q_85,usm_0.66_1.00_0.01,blur_2,enc_auto/51c67e_29510d5a29bf46eb9d5c7408cf0c677c_mv2.png]
[www.freak.pe/tienda.html]
[static.wixstatic.com/media/51c67e_e059460f23ce4a9b85f3cb57f177b81a_mv2.jpg/v1/fill/w_147,h_221,al_c,q_80,usm_0.66_1.00_0.01,blur_2,enc_auto/51c67e_e059460f23ce4a9b85f3cb57f177b81a_mv2.jpg]
[www.freak.pe/product-page/nio-mesh-set.html]
[static.wixstatic.com/media/51c67e_95c64755b59d40d8b4c3b723df41c3e8_mv2.jpg/v1/fill/w_147,h_221,al_c,q_80,usm_0.66_1.00_0.01,blur_2,enc_auto/51c67e_95c64755b59d40d8b4c3b723df41c3e8_mv2.jpg]
[static.wixstatic.com/media/51c67e_f74be744985244cd905259654c2cf51d_mv2.jpg/v1/fill/w_162,h_158,al_c,q_80,usm_0.66_1.00_0.01,blur_2,enc_auto/51c67e_f74be744985244cd905259654c2cf51d_mv2.jpg]
[www.freak.pe/product-page/esteb-match-duo.html]
[static.wixstatic.com/media/51c67e_d16316b052df46b9927cffba7563f639_mv2.jpeg/v1/fill/w_149,h_186,al_c,q_80,usm_0.66_1.00_0.01,blur_2,enc_auto/51c67e_d16316b052df46b9927cffba7563f639_mv2.jpg]
[static.wixstatic.com/media/51c67e_55a72f12ea5840709a8501d6e955518e_mv2.jpg/v1/fill/w_147,h_154,al_c,q_80,usm_0.66_1.00_0.01,blur_2,enc_auto/51c67e_55a72f12ea5840709a8501d6e955518e_mv2.jpg]
[www.freak.pe/product-page/esteb-tank.html]
[static.wixstatic.com/media/51c67e_2afb8e8cacc24d549e04a4131c82bae7_mv2.jpg/v1/fill/w_147,h_147,al_c,q_80,usm_0.66_1.00_0.01,blur_2,enc_auto/51c67e_2afb8e8cacc24d549e04a4131c82bae7_mv2.jpg]
[static.wixstatic.com/media/51c67e_64521edc3199473d97605bcc2b468c96_mv2.jpg/v1/fill/w_147,h_147,al_c,q_80,usm_0.66_1.00_0.01,blur_2,enc_auto/51c67e_64521edc3199473d97605bcc2b468c96_mv2.jpg]
[static.wixstatic.com/media/51c67e_754cbb950c174441894581193a7c017f_mv2.jpg/v1/fill/w_158,h_245,al_c,q_80,usm_0.66_1.00_0.01,blur_2,enc_auto/51c67e_754cbb950c174441894581193a7c017f_mv2.jpg]
[www.freak.pe/product-page/marsha-sylvia-tee.html]
[static.wixstatic.com/media/51c67e_294bbc78607f47aeb44b2d9924f2be6e_mv2.jpg/v1/fill/w_147,h_166,al_c,q_80,usm_0.66_1.00_0.01,blur_2,enc_auto/51c67e_294bbc78607f47aeb44b2d9924f2be6e_mv2.jpg]
[www.freak.pe/product-page/purple-sparkle-tee.html]
[static.wixstatic.com/media/51c67e_eb659423929f4450b1563d0465db71fa_mv2.jpg/v1/fill/w_147,h_162,al_c,q_80,usm_0.66_1.00_0.01,blur_2,enc_auto/51c67e_eb659423929f4450b1563d0465db71fa_mv2.jpg]
[www.freak.pe/product-page/s-t-a-r-crop-top.html]
[static.wixstatic.com/media/51c67e_8fa0f49265a446deae4d74118138f6ee_mv2.jpg/v1/fill/w_147,h_150,al_c,q_80,usm_0.66_1.00_0.01,blur_2,enc_auto/51c67e_8fa0f49265a446deae4d74118138f6ee_mv2.jpg]
[static.wixstatic.com/media/51c67e_7cd53398fa8d4ae2a6634971b2c282f9_mv2.jpg/v1/fill/w_147,h_185,al_c,q_80,usm_0.66_1.00_0.01,blur_2,enc_auto/51c67e_7cd53398fa8d4ae2a6634971b2c282f9_mv2.jpg]
[static.wixstatic.com/media/51c67e_f1f93f8a01014fd49269c42092d5d2b8_mv2.jpg/v1/fill/w_147,h_174,al_c,q_80,usm_0.66_1.00_0.01,blur_2,enc_auto/51c67e_f1f93f8a01014fd49269c42092d5d2b8_mv2.jpg]
[www.freak.pe/product-page/platinum-gloss-tee.html]
[static.wixstatic.com/media/51c67e_95577fbe2dae449cbc92f66b6738e6ba_mv2.jpg/v1/fill/w_147,h_194,al_c,q_80,usm_0.66_1.00_0.01,blur_2,enc_auto/51c67e_95577fbe2dae449cbc92f66b6738e6ba_mv2.jpg]
[static.wixstatic.com/media/51c67e_5eaaa1a124c14977ab4417b0dea65f3f_mv2.jpg/v1/fill/w_147,h_133,al_c,q_80,usm_0.66_1.00_0.01,blur_2,enc_auto/51c67e_5eaaa1a124c14977ab4417b0dea65f3f_mv2.jpg]
[www.freak.pe/product-page/sapphire-glossy-tee.html]
[static.wixstatic.com/media/51c67e_47dd251bff574243b4fdf2273ae46efe_mv2.jpg/v1/fill/w_147,h_157,al_c,q_80,usm_0.66_1.00_0.01,blur_2,enc_auto/51c67e_47dd251bff574243b4fdf2273ae46efe_mv2.jpg]
[www.freak.pe/polos.html]
[static.wixstatic.com/media/51c67e_e9c08ddd3a8745d29e3fa6f1e50b2bac_mv2.jpg/v1/fill/w_162,h_198,al_c,q_80,usm_0.66_1.00_0.01,blur_2,enc_auto/51c67e_e9c08ddd3a8745d29e3fa6f1e50b2bac_mv2.jpg]
[www.freak.pe/product-page/duo-lola-baby-gloves.html]
[static.wixstatic.com/media/51c67e_85d66d12c6bf467e8b55ea9b72983f3e_mv2.jpg/v1/fill/w_147,h_221,al_c,q_80,usm_0.66_1.00_0.01,blur_2,enc_auto/51c67e_85d66d12c6bf467e8b55ea9b72983f3e_mv2.jpg]
[static.wixstatic.com/media/51c67e_c5b69f1897aa4c488e1d05bd1418530b_mv2.jpeg/v1/fill/w_147,h_152,al_c,q_80,usm_0.66_1.00_0.01,blur_2,enc_auto/51c67e_c5b69f1897aa4c488e1d05bd1418530b_mv2.jpg]
[www.freak.pe/product-page/platinum-gloss-top.html]
[www.freak.pe/product-page/shinny-black-lola.html]
[static.wixstatic.com/media/51c67e_c214125c65794600829b0dd949090efb_mv2.jpg/v1/fill/w_147,h_221,al_c,q_80,usm_0.66_1.00_0.01,blur_2,enc_auto/51c67e_c214125c65794600829b0dd949090efb_mv2.jpg]
[static.wixstatic.com/media/51c67e_a931967914b74e55bfd3db9aa80b3e4c_mv2.jpg/v1/fill/w_147,h_133,al_c,q_80,usm_0.66_1.00_0.01,blur_2,enc_auto/51c67e_a931967914b74e55bfd3db9aa80b3e4c_mv2.jpg]
[static.wixstatic.com/media/51c67e_14cf2804823d44fbaff876dfd9988cd5_mv2.jpg/v1/fill/w_147,h_145,al_c,q_80,usm_0.66_1.00_0.01,blur_2,enc_auto/51c67e_14cf2804823d44fbaff876dfd9988cd5_mv2.jpg]
[www.freak.pe/product-page/sapphire-glossy-top.html]
[static.wixstatic.com/media/51c67e_086ffd3e0bfb4d918314785e72be0104_mv2.jpg/v1/fill/w_147,h_172,al_c,q_80,usm_0.66_1.00_0.01,blur_2,enc_auto/51c67e_086ffd3e0bfb4d918314785e72be0104_mv2.jpg]
[www.freak.pe/product-page/green-lola-duo.html]
[static.wixstatic.com/media/51c67e_f86b19eacfb74f9496a447e55f5ba7fd_mv2.jpg/v1/fill/w_147,h_261,al_c,q_80,usm_0.66_1.00_0.01,blur_2,enc_auto/51c67e_f86b19eacfb74f9496a447e55f5ba7fd_mv2.jpg]
[static.wixstatic.com/media/51c67e_21e4c586f8264ea3b907c89344c132af_mv2.png/v1/fill/w_49,h_45,al_c,q_85,usm_0.66_1.00_0.01,blur_2,enc_auto/51c67e_21e4c586f8264ea3b907c89344c132af_mv2.png]
[www.freak.pe/product-page/fairy-duo-set.html]
[static.wixstatic.com/media/51c67e_1b821909d22b418c97f91bebcdb71ff1_mv2.png/v1/fill/w_49,h_47,al_c,q_85,usm_0.66_1.00_0.01,blur_2,enc_auto/51c67e_1b821909d22b418c97f91bebcdb71ff1_mv2.png]
[static.wixstatic.com/media/51c67e_6e765711f96f47ab9339337584689ac4_mv2.jpg/v1/fill/w_147,h_151,al_c,q_80,usm_0.66_1.00_0.01,blur_2,enc_auto/51c67e_6e765711f96f47ab9339337584689ac4_mv2.jpg]
[www.freak.pe/product-page/ariel-top.html]
[static.wixstatic.com/media/51c67e_464608cf69da45b38aac1a98f52e0ef8_mv2.jpg/v1/fill/w_147,h_147,al_c,q_80,usm_0.66_1.00_0.01,blur_2,enc_auto/51c67e_464608cf69da45b38aac1a98f52e0ef8_mv2.jpg]
[static.wixstatic.com/media/51c67e_927d8b41c59d40a1af8a0a8c7463995b_mv2.jpg/v1/fill/w_147,h_147,al_c,q_80,usm_0.66_1.00_0.01,blur_2,enc_auto/51c67e_927d8b41c59d40a1af8a0a8c7463995b_mv2.jpg]
[www.freak.pe/product-page/twice-top.html]
[static.wixstatic.com/media/51c67e_aefbb0e08ecb4a3399db0d8187c269c5_mv2.jpg/v1/fill/w_147,h_211,al_c,q_80,usm_0.66_1.00_0.01,blur_2,enc_auto/51c67e_aefbb0e08ecb4a3399db0d8187c269c5_mv2.jpg]
[static.wixstatic.com/media/51c67e_39894940d400430ca3be8acd17ff9dd3_mv2.jpg/v1/fill/w_147,h_221,al_c,q_80,usm_0.66_1.00_0.01,blur_2,enc_auto/51c67e_39894940d400430ca3be8acd17ff9dd3_mv2.jpg]
[static.wixstatic.com/media/51c67e_d61d7a6134354f0aa4ed50991a9cf2a2_mv2.jpeg/v1/fill/w_147,h_196,al_c,q_80,usm_0.66_1.00_0.01,blur_2,enc_auto/51c67e_d61d7a6134354f0aa4ed50991a9cf2a2_mv2.jpg]
[www.freak.pe/product-page/luna-set.html]
[static.wixstatic.com/media/51c67e_ba292f0e7eaf418d83f3a94faf4bd19c_mv2.jpg/v1/fill/w_147,h_159,al_c,q_80,usm_0.66_1.00_0.01,blur_2,enc_auto/51c67e_ba292f0e7eaf418d83f3a94faf4bd19c_mv2.jpg]
[static.wixstatic.com/media/51c67e_2245e96105c544dd82d41fa7fbdcdfcc_mv2.jpg/v1/fill/w_147,h_147,al_c,q_80,usm_0.66_1.00_0.01,blur_2,enc_auto/51c67e_2245e96105c544dd82d41fa7fbdcdfcc_mv2.jpg]
[static.wixstatic.com/media/51c67e_562ecee0309540fca868d991e99a139c_mv2.jpg/v1/fill/w_147,h_147,al_c,q_80,usm_0.66_1.00_0.01,blur_2,enc_auto/51c67e_562ecee0309540fca868d991e99a139c_mv2.jpg]
[www.freak.pe/product-page/lola-top.html]
[static.wixstatic.com/media/51c67e_c96c06d7216e4886877eee43357dbe9a_mv2.jpg/v1/fill/w_147,h_178,al_c,q_80,usm_0.66_1.00_0.01,blur_2,enc_auto/51c67e_c96c06d7216e4886877eee43357dbe9a_mv2.jpg]
[static.wixstatic.com/media/51c67e_f356f65cdc1442a2ab838dc01bcfe4b9_mv2.jpg/v1/fill/w_147,h_208,al_c,q_80,usm_0.66_1.00_0.01,blur_2,enc_auto/51c67e_f356f65cdc1442a2ab838dc01bcfe4b9_mv2.jpg]
[www.freak.pe/product-page/liar-top.html]
[static.wixstatic.com/media/51c67e_6bca6b3f8293489cbfd0cba08319b57c_mv2.jpg/v1/fill/w_147,h_147,al_c,q_80,usm_0.66_1.00_0.01,blur_2,enc_auto/51c67e_6bca6b3f8293489cbfd0cba08319b57c_mv2.jpg]
[www.freak.pe/product-page/amira-top.html]
[static.wixstatic.com/media/51c67e_37dbe3584e3f40dc89ec1102d9998987_mv2.jpg/v1/fill/w_147,h_148,al_c,q_80,usm_0.66_1.00_0.01,blur_2,enc_auto/51c67e_37dbe3584e3f40dc89ec1102d9998987_mv2.jpg]
[www.freak.pe/tanks-tops.html]
[static.wixstatic.com/media/51c67e_ec8fb93b2c4d495bb77a99d185b8ef2c_mv2.png/v1/fill/w_49,h_65,al_c,q_85,usm_0.66_1.00_0.01,blur_2,enc_auto/51c67e_ec8fb93b2c4d495bb77a99d185b8ef2c_mv2.png]
[www.freak.pe/product-page/tarot-gloves.html]
[static.wixstatic.com/media/51c67e_8b5c9876d0d44ff98a05629240bb8bec_mv2.png/v1/fill/w_49,h_65,al_c,q_85,usm_0.66_1.00_0.01,blur_2,enc_auto/51c67e_8b5c9876d0d44ff98a05629240bb8bec_mv2.png]
[static.wixstatic.com/media/51c67e_675be1db383242e59ad59c3a2df3a101_mv2.jpg/v1/fill/w_147,h_196,al_c,q_80,usm_0.66_1.00_0.01,blur_2,enc_auto/51c67e_675be1db383242e59ad59c3a2df3a101_mv2.jpg]
[www.freak.pe/product-page/maipo-mesh-gloves.html]
[static.wixstatic.com/media/51c67e_c5d1e2c863084bb9b1316af0a31e299b_mv2.png/v1/fill/w_49,h_65,al_c,q_85,usm_0.66_1.00_0.01,blur_2,enc_auto/51c67e_c5d1e2c863084bb9b1316af0a31e299b_mv2.png]
[www.freak.pe/mesh.html]
[www.freak.pe/product-page/duo-match-2.html]
[static.wixstatic.com/media/51c67e_93307b3b036946ed849958ff0f3b8d8d_mv2.png/v1/fill/w_49,h_48,al_c,q_85,usm_0.66_1.00_0.01,blur_2,enc_auto/51c67e_93307b3b036946ed849958ff0f3b8d8d_mv2.png]
[www.freak.pe/duos.html]
[static.wixstatic.com/media/51c67e_aea9ead87377436c80a49c8e99b67410_mv2.jpg/v1/fill/w_147,h_141,al_c,q_80,usm_0.66_1.00_0.01,blur_2,enc_auto/51c67e_aea9ead87377436c80a49c8e99b67410_mv2.jpg]
[static.wixstatic.com/media/51c67e_1ebc1d1e9d734bd889708a775eabc3bb_mv2.jpg/v1/fill/w_147,h_147,al_c,q_80,usm_0.66_1.00_0.01,blur_2,enc_auto/51c67e_1ebc1d1e9d734bd889708a775eabc3bb_mv2.jpg]
[www.freak.pe/pantalones.html]
[static.wixstatic.com/media/51c67e_f7ec6d2519dd47b9b94cd367960aac40_mv2.png/v1/fill/w_49,h_49,al_c,q_85,usm_0.66_1.00_0.01,blur_2,enc_auto/51c67e_f7ec6d2519dd47b9b94cd367960aac40_mv2.png]
[www.freak.pe/product-page/meltdown-grey-hoodie.html]
[static.wixstatic.com/media/51c67e_b49f7299d36c4374b0ee45ac14752532_mv2.png/v1/fill/w_49,h_40,al_c,q_85,usm_0.66_1.00_0.01,blur_2,enc_auto/51c67e_b49f7299d36c4374b0ee45ac14752532_mv2.png]
[static.wixstatic.com/media/51c67e_fc81b3f8111e4ebdab506409cbf372fb_mv2.jpg/v1/fill/w_147,h_147,al_c,q_80,usm_0.66_1.00_0.01,blur_2,enc_auto/51c67e_fc81b3f8111e4ebdab506409cbf372fb_mv2.jpg]
[www.freak.pe/product-page/be-proud-hoodie.html]
[static.wixstatic.com/media/51c67e_a4db57a0dd1b459485b84647abfe6cd8_mv2.jpg/v1/fill/w_147,h_147,al_c,q_80,usm_0.66_1.00_0.01,blur_2,enc_auto/51c67e_a4db57a0dd1b459485b84647abfe6cd8_mv2.jpg]
[www.freak.pe/product-page/don-t-be-homophobic-hoodie.html]
[static.wixstatic.com/media/51c67e_145f9ab5a14042fa9213c8c08f14bff4_mv2.png/v1/fill/w_49,h_65,al_c,q_85,usm_0.66_1.00_0.01,blur_2,enc_auto/51c67e_145f9ab5a14042fa9213c8c08f14bff4_mv2.png]
[static.wixstatic.com/media/51c67e_e8836f21c39d45f4a0c8d75feafaa5f2_mv2.jpg/v1/fill/w_147,h_147,al_c,q_80,usm_0.66_1.00_0.01,blur_2,enc_auto/51c67e_e8836f21c39d45f4a0c8d75feafaa5f2_mv2.jpg]
[www.freak.pe/product-page/stop-gendering-hoodie.html]
[static.wixstatic.com/media/51c67e_8533eefbd4204ed9b2cb561f9c048c4f_mv2.jpg/v1/fill/w_147,h_185,al_c,q_80,usm_0.66_1.00_0.01,blur_2,enc_auto/51c67e_8533eefbd4204ed9b2cb561f9c048c4f_mv2.jpg]
[static.wixstatic.com/media/51c67e_e27a1cfe7674465181b06b135f8f71b1_mv2.jpg/v1/fill/w_147,h_133,al_c,q_80,usm_0.66_1.00_0.01,blur_2,enc_auto/51c67e_e27a1cfe7674465181b06b135f8f71b1_mv2.jpg]
[www.freak.pe/product-page/ama-a-quien-ch-quieras-hoodie.html]
[static.wixstatic.com/media/51c67e_9995b3c146f94bbe8f36bec97e983b7e_mv2.jpg/v1/fill/w_147,h_196,al_c,q_80,usm_0.66_1.00_0.01,blur_2,enc_auto/51c67e_9995b3c146f94bbe8f36bec97e983b7e_mv2.jpg]
[www.freak.pe/copia-de-pantalones.html]
[static.wixstatic.com/media/51c67e_fb8af1a639444114af80d615167789f9_mv2.png/v1/fill/w_49,h_47,al_c,q_85,usm_0.66_1.00_0.01,blur_2,enc_auto/51c67e_fb8af1a639444114af80d615167789f9_mv2.png]
[www.freak.pe/product-page/meltdown-grey-cap.html]
[static.wixstatic.com/media/51c67e_ad103ab459df4e8da65a6f1f27aa138d_mv2.jpg/v1/fill/w_147,h_147,al_c,q_80,usm_0.66_1.00_0.01,blur_2,enc_auto/51c67e_ad103ab459df4e8da65a6f1f27aa138d_mv2.jpg]
[static.wixstatic.com/media/51c67e_72087ff8dad0417c9a809ae043d419cb_mv2.jpg/v1/fill/w_147,h_170,al_c,q_80,usm_0.66_1.00_0.01,blur_2,enc_auto/51c67e_72087ff8dad0417c9a809ae043d419cb_mv2.jpg]
[static.wixstatic.com/media/51c67e_d3ba7377b2504e8f999b7932443c870a_mv2.png/v1/fill/w_49,h_50,al_c,q_85,usm_0.66_1.00_0.01,blur_2,enc_auto/51c67e_d3ba7377b2504e8f999b7932443c870a_mv2.png]
[www.freak.pe/product-page/lie-gloves.html]
[static.wixstatic.com/media/51c67e_f5134f3bb00647c68500082609a65707_mv2.jpg/v1/fill/w_147,h_221,al_c,q_80,usm_0.66_1.00_0.01,blur_2,enc_auto/51c67e_f5134f3bb00647c68500082609a65707_mv2.jpg]
[www.freak.pe/copia-de-copia-de-pantalones.html]
[www.freak.pe/product-page/baby-black-gloves.html]
[static.wixstatic.com/media/51c67e_36eb5277b1cd47c496dddb647e4a2203_mv2.jpg/v1/fill/w_147,h_133,al_c,q_80,usm_0.66_1.00_0.01,blur_2,enc_auto/51c67e_36eb5277b1cd47c496dddb647e4a2203_mv2.jpg]
[www.freak.pe/product-page/angel-top.html]
[static.wixstatic.com/media/51c67e_5ec4c48b7d6f483a8d1128152803b58a_mv2.jpg/v1/fill/w_147,h_133,al_c,q_80,usm_0.66_1.00_0.01,blur_2,enc_auto/51c67e_5ec4c48b7d6f483a8d1128152803b58a_mv2.jpg]
[static.wixstatic.com/media/51c67e_928ed6b8a2d54b2fbba3d0666078d663_mv2.jpg/v1/fill/w_147,h_147,al_c,q_80,usm_0.66_1.00_0.01,blur_2,enc_auto/51c67e_928ed6b8a2d54b2fbba3d0666078d663_mv2.jpg]
[www.freak.pe/product-page/felony-top.html]
[static.wixstatic.com/media/51c67e_4011b21920484855b170263bc6937397_mv2.jpg/v1/fill/w_147,h_147,al_c,q_80,usm_0.66_1.00_0.01,blur_2,enc_auto/51c67e_4011b21920484855b170263bc6937397_mv2.jpg]
[www.freak.pe/readytoship.html]
[static.wixstatic.com/media/51c67e_6d39f3fbdcf444d492e815a666784fb3_mv2.jpg/v1/fill/w_147,h_149,al_c,q_80,usm_0.66_1.00_0.01,blur_2,enc_auto/51c67e_6d39f3fbdcf444d492e815a666784fb3_mv2.jpg]
[www.freak.pe/product-page/match-1.html]
[static.wixstatic.com/media/51c67e_cf17f224a5c64d0a9bac60369af28cfc_mv2.jpg/v1/fill/w_147,h_147,al_c,q_80,usm_0.66_1.00_0.01,blur_2,enc_auto/51c67e_cf17f224a5c64d0a9bac60369af28cfc_mv2.jpg]
[www.freak.pe/ofertas.html]
[www.freak.pe/7c602eb2.min.css]
[www.freak.pe/2b8b066f.min.css]
[www.freak.pe/rb_wixui.thunderbolt_common-site-members-dialogs.384b0b57.chunk.min.css]
[www.freak.pe/rb_wixui.thunderbolt_common-site-members-dialogs.3ffe38a5.chunk.min.js]
[www.freak.pe/contacto.html]
[static.wixstatic.com/media/e90a2a_c3de803545f340df9dd4aa88a72e0718_mv2.png]
[www.freak.pe/gift-card.html]
[www.freak.pe/cart-page.html]
[www.freak.pe/product-page/decodeURIComponent(e.html]
[www.freak.pe/product-page/sitemap.xml]
[www.freak.pe/product-page/robots.html]
[www.freak.pe/product-page/feed.xml]
[www.freak.pe/product-page/eec152dc.min.html]
[www.freak.pe/product-page/b604fd33.min.html]
[www.freak.pe/product-page/99a6a99f.min.html]
[www.freak.pe/product-page/34b72cf9.min.html]
[www.freak.pe/product-page/08241ed1.chunk.min.html]
[www.freak.pe/product-page/c58e6b29.chunk.min.html]
[www.freak.pe/product-page/narva-pat.html]
[www.freak.pe/product-page/narva-set.html]
[www.freak.pe/copia-de-accesorios.html]
[www.freak.pe/version/index.html]
[www.freak.pe/product-page/purple-fairy-skirt.html]
[www.freak.pe/product-page/mary-jane-cap.html]
[www.freak.pe/product-page/onyx-mesh-tee.html]
[www.freak.pe/product-page/purple-fairy-set.html]
[www.freak.pe/product-page/pink-star-crop-top.html]
[www.freak.pe/product-page/vampire-croptop.html]
[www.freak.pe/product-page/tarot-gloves-1.html]
